* installing *source* package ‘simmr’ ...
** using staged installation
** libs
clang++ -std=gnu++11 -I"/opt/homebrew/Cellar/r/4.2.3/lib/R/include" -DNDEBUG  -I'/opt/homebrew/lib/R/4.2/site-library/Rcpp/include' -I'/opt/homebrew/lib/R/4.2/site-library/RcppArmadillo/include' -I'/opt/homebrew/lib/R/4.2/site-library/RcppDist/include' -I/opt/homebrew/opt/gettext/include -I/opt/homebrew/opt/readline/include -I/opt/homebrew/opt/xz/include -I/opt/homebrew/include   -fPIC  -g -O2  -c RcppExports.cpp -o RcppExports.o
clang++ -std=gnu++11 -I"/opt/homebrew/Cellar/r/4.2.3/lib/R/include" -DNDEBUG  -I'/opt/homebrew/lib/R/4.2/site-library/Rcpp/include' -I'/opt/homebrew/lib/R/4.2/site-library/RcppArmadillo/include' -I'/opt/homebrew/lib/R/4.2/site-library/RcppDist/include' -I/opt/homebrew/opt/gettext/include -I/opt/homebrew/opt/readline/include -I/opt/homebrew/opt/xz/include -I/opt/homebrew/include   -fPIC  -g -O2  -c run_VB.cpp -o run_VB.o
clang++ -std=gnu++11 -dynamiclib -Wl,-headerpad_max_install_names -undefined dynamic_lookup -single_module -multiply_defined suppress -L/opt/homebrew/Cellar/r/4.2.3/lib/R/lib -L/opt/homebrew/opt/gettext/lib -L/opt/homebrew/opt/readline/lib -L/opt/homebrew/opt/xz/lib -L/opt/homebrew/lib -o simmr.so RcppExports.o run_VB.o -L/opt/homebrew/Cellar/r/4.2.3/lib/R/lib -lRlapack -L/opt/homebrew/opt/openblas/lib -lopenblas -L/opt/homebrew/opt/gcc/lib/gcc/current/gcc/aarch64-apple-darwin22/12 -L/opt/homebrew/opt/gcc/lib/gcc/current/gcc -L/opt/homebrew/opt/gcc/lib/gcc/current -lgfortran -lemutls_w -lquadmath -L/opt/homebrew/Cellar/r/4.2.3/lib/R/lib -lR -lintl -Wl,-framework -Wl,CoreFoundation
ld: warning: -undefined dynamic_lookup may not work with chained fixups
ld: warning: could not create compact unwind for ___emutls_get_address: registers 23 and 24 not saved contiguously in frame
installing to /Users/andrewparnell/GitHub/simmr/simmr.Rcheck/00LOCK-simmr/00new/simmr/libs
** R
** data
*** moving datasets to lazyload DB
** inst
** byte-compile and prepare package for lazy loading
** help
*** installing help indices
** building package indices
** installing vignettes
** testing if installed package can be loaded from temporary location
** checking absolute paths in shared objects and dynamic libraries
** testing if installed package can be loaded from final location
** testing if installed package keeps a record of temporary installation path
* DONE (simmr)
